2024-03-29T15:52:24.658Z 	DEBUG 	Initiating Get Group by ID for group ID: 7. By user: student3@gmail.com
2024-03-29T15:52:24.766Z 	DEBUG 	Successfully got group by ID for group ID: 7. By user: student3@gmail.com
2024-03-29T15:52:24.882Z 	DEBUG 	Initiating Get Group by ID for group ID: 7. By user: student3@gmail.com
2024-03-29T15:52:24.901Z 	DEBUG 	Successfully got group by ID for group ID: 7. By user: student3@gmail.com
2024-03-29T15:53:44.392Z 	DEBUG 	Initiating Get Group by ID for group ID: 7. By user: student3@gmail.com
2024-03-29T15:53:44.419Z 	DEBUG 	Successfully got group by ID for group ID: 7. By user: student3@gmail.com
2024-03-29T15:54:48.148Z 	DEBUG 	Getting all groups by schoolId: 1
2024-03-29T15:54:48.153Z 	DEBUG 	Getting all groups by schoolId: 1
2024-03-29T15:54:48.253Z 	DEBUG 	Successfully found all groups by schoolId: 1
2024-03-29T15:54:48.257Z 	DEBUG 	Successfully found all groups by schoolId: 1
2024-03-29T15:54:48.322Z 	DEBUG 	Getting all groups by groupId: 8
2024-03-29T15:54:48.326Z 	DEBUG 	Getting all groups by groupId: 9
2024-03-29T15:54:48.339Z 	DEBUG 	Getting all groups by groupId: 11
2024-03-29T15:54:48.355Z 	DEBUG 	Getting all groups by groupId: 1
2024-03-29T15:54:48.360Z 	DEBUG 	Successfully found all groups by groupId: 8
2024-03-29T15:54:48.361Z 	DEBUG 	Successfully found all groups by groupId: 9
2024-03-29T15:54:48.377Z 	DEBUG 	Getting all groups by groupId: 4
2024-03-29T15:54:48.379Z 	DEBUG 	Successfully found all groups by groupId: 11
2024-03-29T15:54:48.384Z 	DEBUG 	Getting all groups by groupId: 8
2024-03-29T15:54:48.393Z 	DEBUG 	Getting all groups by groupId: 9
2024-03-29T15:54:48.409Z 	DEBUG 	Getting all groups by groupId: 11
2024-03-29T15:54:48.411Z 	DEBUG 	Successfully found all groups by groupId: 1
2024-03-29T15:54:48.417Z 	DEBUG 	Successfully found all groups by groupId: 4
2024-03-29T15:54:48.431Z 	DEBUG 	Successfully found all groups by groupId: 8
2024-03-29T15:54:48.448Z 	DEBUG 	Getting all groups by groupId: 4
2024-03-29T15:54:48.450Z 	DEBUG 	Getting all groups by groupId: 1
2024-03-29T15:54:48.453Z 	DEBUG 	Successfully found all groups by groupId: 11
2024-03-29T15:54:48.455Z 	DEBUG 	Successfully found all groups by groupId: 9
2024-03-29T15:54:48.470Z 	DEBUG 	Successfully found all groups by groupId: 1
2024-03-29T15:54:48.485Z 	DEBUG 	Successfully found all groups by groupId: 4
2024-03-29T15:56:05.041Z 	DEBUG 	Getting all groups by groupId: 9
2024-03-29T15:56:05.062Z 	DEBUG 	Successfully found all groups by groupId: 9
2024-03-29T15:56:05.078Z 	INFO 	Joining group by groupId: 9 and userEmail: student3@gmail.com
2024-03-29T15:56:05.105Z 	ERROR 	Failed to join group ReferenceError: schoolName is not defined
2024-03-29T15:56:05.146Z 	DEBUG 	Initiating Get Group by ID for group ID: 9. By user: student3@gmail.com
2024-03-29T15:56:05.152Z 	DEBUG 	Successfully got group by ID for group ID: 9. By user: student3@gmail.com
2024-03-29T15:56:05.165Z 	DEBUG 	Initiating Get Group by ID for group ID: 9. By user: student3@gmail.com
2024-03-29T15:56:05.173Z 	DEBUG 	Successfully got group by ID for group ID: 9. By user: student3@gmail.com
2024-03-29T15:56:07.081Z 	DEBUG 	Getting all groups by schoolId: 1
2024-03-29T15:56:07.103Z 	DEBUG 	Getting all groups by schoolId: 1
2024-03-29T15:56:07.133Z 	DEBUG 	Successfully found all groups by schoolId: 1
2024-03-29T15:56:07.198Z 	DEBUG 	Successfully found all groups by schoolId: 1
2024-03-29T15:56:07.220Z 	DEBUG 	Getting all groups by groupId: 7
2024-03-29T15:56:07.228Z 	DEBUG 	Getting all groups by groupId: 8
2024-03-29T15:56:07.232Z 	DEBUG 	Getting all groups by groupId: 11
2024-03-29T15:56:07.238Z 	DEBUG 	Getting all groups by groupId: 1
2024-03-29T15:56:07.241Z 	DEBUG 	Getting all groups by groupId: 4
2024-03-29T15:56:07.262Z 	DEBUG 	Successfully found all groups by groupId: 8
2024-03-29T15:56:07.264Z 	DEBUG 	Successfully found all groups by groupId: 11
2024-03-29T15:56:07.267Z 	DEBUG 	Successfully found all groups by groupId: 7
2024-03-29T15:56:07.272Z 	DEBUG 	Getting all groups by groupId: 8
2024-03-29T15:56:07.284Z 	DEBUG 	Successfully found all groups by groupId: 4
2024-03-29T15:56:07.285Z 	DEBUG 	Successfully found all groups by groupId: 1
2024-03-29T15:56:07.288Z 	DEBUG 	Getting all groups by groupId: 11
2024-03-29T15:56:07.291Z 	DEBUG 	Getting all groups by groupId: 7
2024-03-29T15:56:07.320Z 	DEBUG 	Getting all groups by groupId: 4
2024-03-29T15:56:07.323Z 	DEBUG 	Getting all groups by groupId: 1
2024-03-29T15:56:07.325Z 	DEBUG 	Successfully found all groups by groupId: 11
2024-03-29T15:56:07.340Z 	DEBUG 	Successfully found all groups by groupId: 7
2024-03-29T15:56:07.341Z 	DEBUG 	Successfully found all groups by groupId: 8
2024-03-29T15:56:07.356Z 	DEBUG 	Successfully found all groups by groupId: 4
2024-03-29T15:56:07.357Z 	DEBUG 	Successfully found all groups by groupId: 1
2024-03-29T15:56:08.635Z 	DEBUG 	Getting all groups by groupId: 11
2024-03-29T15:56:08.641Z 	DEBUG 	Successfully found all groups by groupId: 11
2024-03-29T15:56:08.661Z 	INFO 	Joining group by groupId: 11 and userEmail: student3@gmail.com
2024-03-29T15:56:08.688Z 	ERROR 	Failed to join group ReferenceError: schoolName is not defined
2024-03-29T15:56:08.718Z 	DEBUG 	Initiating Get Group by ID for group ID: 11. By user: student3@gmail.com
2024-03-29T15:56:08.725Z 	DEBUG 	Successfully got group by ID for group ID: 11. By user: student3@gmail.com
2024-03-29T15:56:08.739Z 	DEBUG 	Initiating Get Group by ID for group ID: 11. By user: student3@gmail.com
2024-03-29T15:56:08.755Z 	DEBUG 	Successfully got group by ID for group ID: 11. By user: student3@gmail.com
2024-03-29T15:59:48.306Z 	DEBUG 	Initiating Get Group by ID for group ID: 11. By user: student3@gmail.com
2024-03-29T15:59:48.326Z 	DEBUG 	Successfully got group by ID for group ID: 11. By user: student3@gmail.com
2024-03-29T15:59:48.338Z 	DEBUG 	Initiating Get Group by ID for group ID: 11. By user: student3@gmail.com
2024-03-29T15:59:48.347Z 	DEBUG 	Successfully got group by ID for group ID: 11. By user: student3@gmail.com
2024-03-29T15:59:50.200Z 	DEBUG 	Getting all groups by schoolId: 1
2024-03-29T15:59:50.207Z 	DEBUG 	Getting all groups by schoolId: 1
2024-03-29T15:59:50.265Z 	DEBUG 	Successfully found all groups by schoolId: 1
2024-03-29T15:59:50.286Z 	DEBUG 	Successfully found all groups by schoolId: 1
2024-03-29T15:59:50.319Z 	DEBUG 	Getting all groups by groupId: 7
2024-03-29T15:59:50.323Z 	DEBUG 	Getting all groups by groupId: 4
2024-03-29T15:59:50.330Z 	DEBUG 	Getting all groups by groupId: 8
2024-03-29T15:59:50.343Z 	DEBUG 	Successfully found all groups by groupId: 4
2024-03-29T15:59:50.343Z 	DEBUG 	Successfully found all groups by groupId: 7
2024-03-29T15:59:50.347Z 	DEBUG 	Successfully found all groups by groupId: 8
2024-03-29T15:59:50.369Z 	DEBUG 	Getting all groups by groupId: 1
2024-03-29T15:59:50.376Z 	DEBUG 	Getting all groups by groupId: 9
2024-03-29T15:59:50.414Z 	DEBUG 	Getting all groups by groupId: 4
2024-03-29T15:59:50.424Z 	DEBUG 	Getting all groups by groupId: 7
2024-03-29T15:59:50.428Z 	DEBUG 	Getting all groups by groupId: 8
2024-03-29T15:59:50.429Z 	DEBUG 	Successfully found all groups by groupId: 1
2024-03-29T15:59:50.443Z 	DEBUG 	Successfully found all groups by groupId: 9
2024-03-29T15:59:50.449Z 	DEBUG 	Successfully found all groups by groupId: 4
2024-03-29T15:59:50.450Z 	DEBUG 	Successfully found all groups by groupId: 7
2024-03-29T15:59:50.453Z 	DEBUG 	Getting all groups by groupId: 1
2024-03-29T15:59:50.471Z 	DEBUG 	Successfully found all groups by groupId: 8
2024-03-29T15:59:50.472Z 	DEBUG 	Successfully found all groups by groupId: 1
2024-03-29T15:59:50.485Z 	DEBUG 	Getting all groups by groupId: 9
2024-03-29T15:59:50.500Z 	DEBUG 	Successfully found all groups by groupId: 9
2024-03-29T15:59:52.357Z 	DEBUG 	Getting all groups by groupId: 7
2024-03-29T15:59:52.361Z 	DEBUG 	Successfully found all groups by groupId: 7
2024-03-29T15:59:52.388Z 	INFO 	Joining group by groupId: 7 and userEmail: student3@gmail.com
2024-03-29T15:59:52.407Z 	ERROR 	Failed to join group ReferenceError: schoolName is not defined
2024-03-29T15:59:52.439Z 	DEBUG 	Initiating Get Group by ID for group ID: 7. By user: student3@gmail.com
2024-03-29T15:59:52.445Z 	DEBUG 	Successfully got group by ID for group ID: 7. By user: student3@gmail.com
2024-03-29T15:59:52.455Z 	DEBUG 	Initiating Get Group by ID for group ID: 7. By user: student3@gmail.com
2024-03-29T15:59:52.466Z 	DEBUG 	Successfully got group by ID for group ID: 7. By user: student3@gmail.com
2024-03-29T15:59:54.425Z 	DEBUG 	Getting all groups by schoolId: 1
2024-03-29T15:59:54.429Z 	DEBUG 	Getting all groups by schoolId: 1
2024-03-29T15:59:54.477Z 	DEBUG 	Successfully found all groups by schoolId: 1
2024-03-29T15:59:54.494Z 	DEBUG 	Successfully found all groups by schoolId: 1
2024-03-29T15:59:54.497Z 	DEBUG 	Getting all groups by groupId: 8
2024-03-29T15:59:54.500Z 	DEBUG 	Getting all groups by groupId: 9
2024-03-29T15:59:54.518Z 	DEBUG 	Getting all groups by groupId: 1
2024-03-29T15:59:54.523Z 	DEBUG 	Getting all groups by groupId: 4
2024-03-29T15:59:54.526Z 	DEBUG 	Getting all groups by groupId: 11
2024-03-29T15:59:54.537Z 	DEBUG 	Successfully found all groups by groupId: 8
2024-03-29T15:59:54.543Z 	DEBUG 	Successfully found all groups by groupId: 1
2024-03-29T15:59:54.557Z 	DEBUG 	Successfully found all groups by groupId: 11
2024-03-29T15:59:54.558Z 	DEBUG 	Successfully found all groups by groupId: 4
2024-03-29T15:59:54.561Z 	DEBUG 	Getting all groups by groupId: 8
2024-03-29T15:59:54.563Z 	DEBUG 	Successfully found all groups by groupId: 9
2024-03-29T15:59:54.576Z 	DEBUG 	Getting all groups by groupId: 1
2024-03-29T15:59:54.579Z 	DEBUG 	Getting all groups by groupId: 4
2024-03-29T15:59:54.586Z 	DEBUG 	Getting all groups by groupId: 11
2024-03-29T15:59:54.592Z 	DEBUG 	Getting all groups by groupId: 9
2024-03-29T15:59:54.600Z 	DEBUG 	Successfully found all groups by groupId: 8
2024-03-29T15:59:54.614Z 	DEBUG 	Successfully found all groups by groupId: 1
2024-03-29T15:59:54.616Z 	DEBUG 	Successfully found all groups by groupId: 4
2024-03-29T15:59:54.626Z 	DEBUG 	Successfully found all groups by groupId: 9
2024-03-29T15:59:54.627Z 	DEBUG 	Successfully found all groups by groupId: 11
2024-03-29T15:59:56.501Z 	DEBUG 	Getting all groups by groupId: 11
2024-03-29T15:59:56.505Z 	DEBUG 	Successfully found all groups by groupId: 11
2024-03-29T15:59:56.573Z 	INFO 	Joining group by groupId: 11 and userEmail: student3@gmail.com
2024-03-29T15:59:56.585Z 	ERROR 	Failed to join group ReferenceError: schoolName is not defined
2024-03-29T15:59:56.619Z 	DEBUG 	Initiating Get Group by ID for group ID: 11. By user: student3@gmail.com
2024-03-29T15:59:56.626Z 	DEBUG 	Successfully got group by ID for group ID: 11. By user: student3@gmail.com
2024-03-29T15:59:56.632Z 	DEBUG 	Initiating Get Group by ID for group ID: 11. By user: student3@gmail.com
2024-03-29T15:59:56.656Z 	DEBUG 	Successfully got group by ID for group ID: 11. By user: student3@gmail.com
2024-03-29T15:59:58.063Z 	DEBUG 	Getting all groups by schoolId: 1
2024-03-29T15:59:58.068Z 	DEBUG 	Getting all groups by schoolId: 1
2024-03-29T15:59:58.108Z 	DEBUG 	Successfully found all groups by schoolId: 1
2024-03-29T15:59:58.110Z 	DEBUG 	Successfully found all groups by schoolId: 1
2024-03-29T15:59:58.161Z 	DEBUG 	Getting all groups by groupId: 9
2024-03-29T15:59:58.170Z 	DEBUG 	Getting all groups by groupId: 8
2024-03-29T15:59:58.174Z 	DEBUG 	Getting all groups by groupId: 7
2024-03-29T15:59:58.177Z 	DEBUG 	Getting all groups by groupId: 4
2024-03-29T15:59:58.183Z 	DEBUG 	Getting all groups by groupId: 1
2024-03-29T15:59:58.194Z 	DEBUG 	Successfully found all groups by groupId: 9
2024-03-29T15:59:58.209Z 	DEBUG 	Successfully found all groups by groupId: 7
2024-03-29T15:59:58.210Z 	DEBUG 	Successfully found all groups by groupId: 4
2024-03-29T15:59:58.214Z 	DEBUG 	Getting all groups by groupId: 9
2024-03-29T15:59:58.216Z 	DEBUG 	Successfully found all groups by groupId: 1
2024-03-29T15:59:58.217Z 	DEBUG 	Successfully found all groups by groupId: 8
2024-03-29T15:59:58.231Z 	DEBUG 	Getting all groups by groupId: 7
2024-03-29T15:59:58.246Z 	DEBUG 	Getting all groups by groupId: 4
2024-03-29T15:59:58.248Z 	DEBUG 	Getting all groups by groupId: 8
2024-03-29T15:59:58.255Z 	DEBUG 	Getting all groups by groupId: 1
2024-03-29T15:59:58.279Z 	DEBUG 	Successfully found all groups by groupId: 9
2024-03-29T15:59:58.283Z 	DEBUG 	Successfully found all groups by groupId: 7
2024-03-29T15:59:58.284Z 	DEBUG 	Successfully found all groups by groupId: 8
2024-03-29T15:59:58.295Z 	DEBUG 	Successfully found all groups by groupId: 4
2024-03-29T15:59:58.309Z 	DEBUG 	Successfully found all groups by groupId: 1
2024-03-29T15:59:59.360Z 	DEBUG 	Getting all groups by groupId: 1
2024-03-29T15:59:59.365Z 	DEBUG 	Successfully found all groups by groupId: 1
2024-03-29T15:59:59.382Z 	INFO 	Joining group by groupId: 1 and userEmail: student3@gmail.com
2024-03-29T15:59:59.396Z 	ERROR 	Failed to join group ReferenceError: schoolName is not defined
2024-03-29T15:59:59.428Z 	DEBUG 	Initiating Get Group by ID for group ID: 1. By user: student3@gmail.com
2024-03-29T15:59:59.433Z 	DEBUG 	Successfully got group by ID for group ID: 1. By user: student3@gmail.com
2024-03-29T15:59:59.444Z 	DEBUG 	Initiating Get Group by ID for group ID: 1. By user: student3@gmail.com
2024-03-29T15:59:59.450Z 	DEBUG 	Successfully got group by ID for group ID: 1. By user: student3@gmail.com
2024-03-29T16:00:01.134Z 	DEBUG 	Getting all groups by schoolId: 1
2024-03-29T16:00:01.150Z 	DEBUG 	Getting all groups by schoolId: 1
2024-03-29T16:00:01.153Z 	DEBUG 	Successfully found all groups by schoolId: 1
2024-03-29T16:00:01.183Z 	DEBUG 	Successfully found all groups by schoolId: 1
2024-03-29T16:00:01.215Z 	DEBUG 	Getting all groups by groupId: 7
2024-03-29T16:00:01.219Z 	DEBUG 	Getting all groups by groupId: 8
2024-03-29T16:00:01.234Z 	DEBUG 	Getting all groups by groupId: 9
2024-03-29T16:00:01.237Z 	DEBUG 	Getting all groups by groupId: 4
2024-03-29T16:00:01.239Z 	DEBUG 	Successfully found all groups by groupId: 7
2024-03-29T16:00:01.241Z 	DEBUG 	Getting all groups by groupId: 11
2024-03-29T16:00:01.269Z 	DEBUG 	Getting all groups by groupId: 7
2024-03-29T16:00:01.271Z 	DEBUG 	Successfully found all groups by groupId: 8
2024-03-29T16:00:01.274Z 	DEBUG 	Successfully found all groups by groupId: 11
2024-03-29T16:00:01.274Z 	DEBUG 	Successfully found all groups by groupId: 4
2024-03-29T16:00:01.276Z 	DEBUG 	Successfully found all groups by groupId: 9
2024-03-29T16:00:01.278Z 	DEBUG 	Successfully found all groups by groupId: 7
2024-03-29T16:00:01.292Z 	DEBUG 	Getting all groups by groupId: 9
2024-03-29T16:00:01.296Z 	DEBUG 	Successfully found all groups by groupId: 9
2024-03-29T16:00:01.308Z 	DEBUG 	Getting all groups by groupId: 4
2024-03-29T16:00:01.311Z 	DEBUG 	Getting all groups by groupId: 11
2024-03-29T16:00:01.340Z 	DEBUG 	Getting all groups by groupId: 8
2024-03-29T16:00:01.344Z 	DEBUG 	Successfully found all groups by groupId: 4
2024-03-29T16:00:01.347Z 	DEBUG 	Successfully found all groups by groupId: 11
2024-03-29T16:00:01.348Z 	DEBUG 	Successfully found all groups by groupId: 8
2024-03-29T16:00:02.561Z 	DEBUG 	Getting all groups by groupId: 4
2024-03-29T16:00:02.565Z 	DEBUG 	Successfully found all groups by groupId: 4
2024-03-29T16:00:02.583Z 	INFO 	Joining group by groupId: 4 and userEmail: student3@gmail.com
2024-03-29T16:00:02.597Z 	ERROR 	Failed to join group ReferenceError: schoolName is not defined
2024-03-29T16:00:02.634Z 	DEBUG 	Initiating Get Group by ID for group ID: 4. By user: student3@gmail.com
2024-03-29T16:00:02.639Z 	DEBUG 	Successfully got group by ID for group ID: 4. By user: student3@gmail.com
2024-03-29T16:00:02.653Z 	DEBUG 	Initiating Get Group by ID for group ID: 4. By user: student3@gmail.com
2024-03-29T16:00:02.658Z 	DEBUG 	Successfully got group by ID for group ID: 4. By user: student3@gmail.com
2024-03-29T16:00:49.556Z 	DEBUG 	Getting all groups by schoolId: 1
2024-03-29T16:00:49.564Z 	DEBUG 	Getting all groups by schoolId: 1
2024-03-29T16:00:49.642Z 	DEBUG 	Successfully found all groups by schoolId: 1
2024-03-29T16:00:49.664Z 	DEBUG 	Successfully found all groups by schoolId: 1
2024-03-29T16:00:49.710Z 	DEBUG 	Getting all groups by groupId: 7
2024-03-29T16:00:49.724Z 	DEBUG 	Getting all groups by groupId: 8
2024-03-29T16:00:49.741Z 	DEBUG 	Successfully found all groups by groupId: 7
2024-03-29T16:00:49.742Z 	DEBUG 	Successfully found all groups by groupId: 8
2024-03-29T16:00:49.764Z 	DEBUG 	Getting all groups by groupId: 9
2024-03-29T16:00:49.767Z 	DEBUG 	Getting all groups by groupId: 11
2024-03-29T16:00:49.770Z 	DEBUG 	Getting all groups by groupId: 1
2024-03-29T16:00:49.800Z 	DEBUG 	Successfully found all groups by groupId: 9
2024-03-29T16:00:49.804Z 	DEBUG 	Getting all groups by groupId: 7
2024-03-29T16:00:49.806Z 	DEBUG 	Successfully found all groups by groupId: 1
2024-03-29T16:00:49.819Z 	DEBUG 	Getting all groups by groupId: 8
2024-03-29T16:00:49.822Z 	DEBUG 	Successfully found all groups by groupId: 11
2024-03-29T16:00:49.824Z 	DEBUG 	Getting all groups by groupId: 9
2024-03-29T16:00:49.828Z 	DEBUG 	Successfully found all groups by groupId: 7
2024-03-29T16:00:49.845Z 	DEBUG 	Getting all groups by groupId: 11
2024-03-29T16:00:49.848Z 	DEBUG 	Getting all groups by groupId: 1
2024-03-29T16:00:49.849Z 	DEBUG 	Successfully found all groups by groupId: 8
2024-03-29T16:00:49.863Z 	DEBUG 	Successfully found all groups by groupId: 9
2024-03-29T16:00:49.867Z 	DEBUG 	Successfully found all groups by groupId: 11
2024-03-29T16:00:49.881Z 	DEBUG 	Successfully found all groups by groupId: 1
2024-03-29T16:00:51.828Z 	DEBUG 	Getting all groups by groupId: 11
2024-03-29T16:00:51.832Z 	DEBUG 	Successfully found all groups by groupId: 11
2024-03-29T16:00:51.849Z 	INFO 	Joining group by groupId: 11 and userEmail: student3@gmail.com
2024-03-29T16:00:51.870Z 	ERROR 	Failed to join group ReferenceError: schoolName is not defined
2024-03-29T16:00:51.900Z 	DEBUG 	Initiating Get Group by ID for group ID: 11. By user: student3@gmail.com
2024-03-29T16:00:51.907Z 	DEBUG 	Successfully got group by ID for group ID: 11. By user: student3@gmail.com
2024-03-29T16:00:51.920Z 	DEBUG 	Initiating Get Group by ID for group ID: 11. By user: student3@gmail.com
2024-03-29T16:00:51.943Z 	DEBUG 	Successfully got group by ID for group ID: 11. By user: student3@gmail.com
2024-03-29T16:00:53.448Z 	DEBUG 	Getting all groups by schoolId: 1
2024-03-29T16:00:53.470Z 	DEBUG 	Getting all groups by schoolId: 1
2024-03-29T16:00:53.483Z 	DEBUG 	Successfully found all groups by schoolId: 1
2024-03-29T16:00:53.515Z 	DEBUG 	Successfully found all groups by schoolId: 1
2024-03-29T16:00:53.518Z 	DEBUG 	Getting all groups by groupId: 8
2024-03-29T16:00:53.531Z 	DEBUG 	Getting all groups by groupId: 9
2024-03-29T16:00:53.536Z 	DEBUG 	Getting all groups by groupId: 7
2024-03-29T16:00:53.550Z 	DEBUG 	Getting all groups by groupId: 1
2024-03-29T16:00:53.566Z 	DEBUG 	Successfully found all groups by groupId: 8
2024-03-29T16:00:53.581Z 	DEBUG 	Successfully found all groups by groupId: 7
2024-03-29T16:00:53.582Z 	DEBUG 	Successfully found all groups by groupId: 9
2024-03-29T16:00:53.597Z 	DEBUG 	Getting all groups by groupId: 8
2024-03-29T16:00:53.601Z 	DEBUG 	Getting all groups by groupId: 4
2024-03-29T16:00:53.614Z 	DEBUG 	Successfully found all groups by groupId: 1
2024-03-29T16:00:53.616Z 	DEBUG 	Getting all groups by groupId: 7
2024-03-29T16:00:53.619Z 	DEBUG 	Getting all groups by groupId: 9
2024-03-29T16:00:53.633Z 	DEBUG 	Successfully found all groups by groupId: 4
2024-03-29T16:00:53.646Z 	DEBUG 	Getting all groups by groupId: 1
2024-03-29T16:00:53.649Z 	DEBUG 	Successfully found all groups by groupId: 8
2024-03-29T16:00:53.653Z 	DEBUG 	Getting all groups by groupId: 4
2024-03-29T16:00:53.655Z 	DEBUG 	Successfully found all groups by groupId: 9
2024-03-29T16:00:53.655Z 	DEBUG 	Successfully found all groups by groupId: 7
2024-03-29T16:00:53.669Z 	DEBUG 	Successfully found all groups by groupId: 1
2024-03-29T16:00:53.674Z 	DEBUG 	Successfully found all groups by groupId: 4
2024-03-29T16:00:54.596Z 	DEBUG 	Getting all groups by groupId: 4
2024-03-29T16:00:54.600Z 	DEBUG 	Successfully found all groups by groupId: 4
2024-03-29T16:00:54.617Z 	INFO 	Joining group by groupId: 4 and userEmail: student3@gmail.com
2024-03-29T16:00:54.639Z 	ERROR 	Failed to join group ReferenceError: schoolName is not defined
2024-03-29T16:00:54.675Z 	DEBUG 	Initiating Get Group by ID for group ID: 4. By user: student3@gmail.com
2024-03-29T16:00:54.682Z 	DEBUG 	Successfully got group by ID for group ID: 4. By user: student3@gmail.com
2024-03-29T16:00:54.687Z 	DEBUG 	Initiating Get Group by ID for group ID: 4. By user: student3@gmail.com
2024-03-29T16:00:54.699Z 	DEBUG 	Successfully got group by ID for group ID: 4. By user: student3@gmail.com
2024-03-29T16:00:56.881Z 	DEBUG 	Getting all groups by schoolId: 1
2024-03-29T16:00:56.902Z 	DEBUG 	Successfully found all groups by schoolId: 1
2024-03-29T16:00:56.906Z 	DEBUG 	Getting all groups by schoolId: 1
2024-03-29T16:00:56.935Z 	DEBUG 	Successfully found all groups by schoolId: 1
2024-03-29T16:00:56.954Z 	DEBUG 	Getting all groups by groupId: 8
2024-03-29T16:00:56.957Z 	DEBUG 	Successfully found all groups by groupId: 8
2024-03-29T16:00:56.986Z 	DEBUG 	Getting all groups by groupId: 9
2024-03-29T16:00:56.991Z 	DEBUG 	Getting all groups by groupId: 7
2024-03-29T16:00:56.994Z 	DEBUG 	Getting all groups by groupId: 11
2024-03-29T16:00:57.001Z 	DEBUG 	Getting all groups by groupId: 1
2024-03-29T16:00:57.004Z 	DEBUG 	Getting all groups by groupId: 8
2024-03-29T16:00:57.021Z 	DEBUG 	Successfully found all groups by groupId: 9
2024-03-29T16:00:57.022Z 	DEBUG 	Successfully found all groups by groupId: 7
2024-03-29T16:00:57.025Z 	DEBUG 	Successfully found all groups by groupId: 1
2024-03-29T16:00:57.027Z 	DEBUG 	Successfully found all groups by groupId: 11
2024-03-29T16:00:57.028Z 	DEBUG 	Successfully found all groups by groupId: 8
2024-03-29T16:00:57.042Z 	DEBUG 	Getting all groups by groupId: 1
2024-03-29T16:00:57.045Z 	DEBUG 	Getting all groups by groupId: 7
2024-03-29T16:00:57.063Z 	DEBUG 	Getting all groups by groupId: 9
2024-03-29T16:00:57.066Z 	DEBUG 	Getting all groups by groupId: 11
2024-03-29T16:00:57.068Z 	DEBUG 	Successfully found all groups by groupId: 1
2024-03-29T16:00:57.082Z 	DEBUG 	Successfully found all groups by groupId: 7
2024-03-29T16:00:57.095Z 	DEBUG 	Successfully found all groups by groupId: 9
2024-03-29T16:00:57.096Z 	DEBUG 	Successfully found all groups by groupId: 11
2024-03-29T16:00:58.235Z 	DEBUG 	Getting all groups by groupId: 1
2024-03-29T16:00:58.240Z 	DEBUG 	Successfully found all groups by groupId: 1
2024-03-29T16:00:58.262Z 	INFO 	Joining group by groupId: 1 and userEmail: student3@gmail.com
2024-03-29T16:00:58.273Z 	ERROR 	Failed to join group ReferenceError: schoolName is not defined
2024-03-29T16:00:58.313Z 	DEBUG 	Initiating Get Group by ID for group ID: 1. By user: student3@gmail.com
2024-03-29T16:00:58.318Z 	DEBUG 	Successfully got group by ID for group ID: 1. By user: student3@gmail.com
2024-03-29T16:00:58.328Z 	DEBUG 	Initiating Get Group by ID for group ID: 1. By user: student3@gmail.com
2024-03-29T16:00:58.335Z 	DEBUG 	Successfully got group by ID for group ID: 1. By user: student3@gmail.com
2024-03-29T16:01:01.506Z 	DEBUG 	Getting all groups by schoolId: 1
2024-03-29T16:01:01.509Z 	DEBUG 	Getting all groups by schoolId: 1
2024-03-29T16:01:01.544Z 	DEBUG 	Successfully found all groups by schoolId: 1
2024-03-29T16:01:01.555Z 	DEBUG 	Successfully found all groups by schoolId: 1
2024-03-29T16:01:01.572Z 	DEBUG 	Getting all groups by groupId: 7
2024-03-29T16:01:01.576Z 	DEBUG 	Successfully found all groups by groupId: 7
2024-03-29T16:01:01.593Z 	DEBUG 	Getting all groups by groupId: 8
2024-03-29T16:01:01.597Z 	DEBUG 	Getting all groups by groupId: 9
2024-03-29T16:01:01.599Z 	DEBUG 	Getting all groups by groupId: 11
2024-03-29T16:01:01.615Z 	DEBUG 	Getting all groups by groupId: 4
2024-03-29T16:01:01.627Z 	DEBUG 	Getting all groups by groupId: 7
2024-03-29T16:01:01.640Z 	DEBUG 	Successfully found all groups by groupId: 8
2024-03-29T16:01:01.644Z 	DEBUG 	Successfully found all groups by groupId: 9
2024-03-29T16:01:01.649Z 	DEBUG 	Successfully found all groups by groupId: 7
2024-03-29T16:01:01.650Z 	DEBUG 	Successfully found all groups by groupId: 4
2024-03-29T16:01:01.651Z 	DEBUG 	Successfully found all groups by groupId: 11
2024-03-29T16:01:01.666Z 	DEBUG 	Getting all groups by groupId: 8
2024-03-29T16:01:01.669Z 	DEBUG 	Getting all groups by groupId: 9
2024-03-29T16:01:01.683Z 	DEBUG 	Getting all groups by groupId: 11
2024-03-29T16:01:01.697Z 	DEBUG 	Getting all groups by groupId: 4
2024-03-29T16:01:01.700Z 	DEBUG 	Successfully found all groups by groupId: 8
2024-03-29T16:01:01.704Z 	DEBUG 	Successfully found all groups by groupId: 11
2024-03-29T16:01:01.716Z 	DEBUG 	Successfully found all groups by groupId: 9
2024-03-29T16:01:01.717Z 	DEBUG 	Successfully found all groups by groupId: 4
2024-03-29T16:01:03.316Z 	DEBUG 	Getting all groups by groupId: 9
2024-03-29T16:01:03.320Z 	DEBUG 	Successfully found all groups by groupId: 9
2024-03-29T16:01:03.336Z 	INFO 	Joining group by groupId: 9 and userEmail: student3@gmail.com
2024-03-29T16:01:03.355Z 	ERROR 	Failed to join group ReferenceError: schoolName is not defined
2024-03-29T16:01:03.386Z 	DEBUG 	Initiating Get Group by ID for group ID: 9. By user: student3@gmail.com
2024-03-29T16:01:03.391Z 	DEBUG 	Successfully got group by ID for group ID: 9. By user: student3@gmail.com
2024-03-29T16:01:03.400Z 	DEBUG 	Initiating Get Group by ID for group ID: 9. By user: student3@gmail.com
2024-03-29T16:01:03.413Z 	DEBUG 	Successfully got group by ID for group ID: 9. By user: student3@gmail.com
2024-03-29T16:01:04.368Z 	DEBUG 	Getting all groups by schoolId: 1
2024-03-29T16:01:04.385Z 	DEBUG 	Getting all groups by schoolId: 1
2024-03-29T16:01:04.389Z 	DEBUG 	Successfully found all groups by schoolId: 1
2024-03-29T16:01:04.410Z 	DEBUG 	Successfully found all groups by schoolId: 1
2024-03-29T16:01:04.443Z 	DEBUG 	Getting all groups by groupId: 4
2024-03-29T16:01:04.448Z 	DEBUG 	Getting all groups by groupId: 7
2024-03-29T16:01:04.463Z 	DEBUG 	Getting all groups by groupId: 8
2024-03-29T16:01:04.469Z 	DEBUG 	Getting all groups by groupId: 11
2024-03-29T16:01:04.482Z 	DEBUG 	Successfully found all groups by groupId: 4
2024-03-29T16:01:04.483Z 	DEBUG 	Successfully found all groups by groupId: 7
2024-03-29T16:01:04.487Z 	DEBUG 	Getting all groups by groupId: 1
2024-03-29T16:01:04.503Z 	DEBUG 	Successfully found all groups by groupId: 8
2024-03-29T16:01:04.507Z 	DEBUG 	Getting all groups by groupId: 4
2024-03-29T16:01:04.518Z 	DEBUG 	Successfully found all groups by groupId: 11
2024-03-29T16:01:04.520Z 	DEBUG 	Successfully found all groups by groupId: 1
2024-03-29T16:01:04.534Z 	DEBUG 	Successfully found all groups by groupId: 4
2024-03-29T16:01:04.560Z 	DEBUG 	Getting all groups by groupId: 7
2024-03-29T16:01:04.563Z 	DEBUG 	Successfully found all groups by groupId: 7
2024-03-29T16:01:04.569Z 	DEBUG 	Getting all groups by groupId: 8
2024-03-29T16:01:04.573Z 	DEBUG 	Successfully found all groups by groupId: 8
2024-03-29T16:01:04.579Z 	DEBUG 	Getting all groups by groupId: 11
2024-03-29T16:01:04.589Z 	DEBUG 	Getting all groups by groupId: 1
2024-03-29T16:01:04.604Z 	DEBUG 	Successfully found all groups by groupId: 11
2024-03-29T16:01:04.611Z 	DEBUG 	Successfully found all groups by groupId: 1
2024-03-29T16:01:05.498Z 	DEBUG 	Getting all groups by groupId: 8
2024-03-29T16:01:05.502Z 	DEBUG 	Successfully found all groups by groupId: 8
2024-03-29T16:01:09.065Z 	DEBUG 	Getting all groups by groupId: 7
2024-03-29T16:01:09.069Z 	DEBUG 	Successfully found all groups by groupId: 7
2024-03-29T16:01:09.084Z 	INFO 	Joining group by groupId: 7 and userEmail: student3@gmail.com
2024-03-29T16:01:09.102Z 	ERROR 	Failed to join group ReferenceError: schoolName is not defined
2024-03-29T16:01:09.133Z 	DEBUG 	Initiating Get Group by ID for group ID: 7. By user: student3@gmail.com
2024-03-29T16:01:09.145Z 	DEBUG 	Successfully got group by ID for group ID: 7. By user: student3@gmail.com
2024-03-29T16:01:09.300Z 	DEBUG 	Initiating Get Group by ID for group ID: 7. By user: student3@gmail.com
2024-03-29T16:01:09.307Z 	DEBUG 	Successfully got group by ID for group ID: 7. By user: student3@gmail.com
2024-03-29T16:01:11.119Z 	DEBUG 	Getting all groups by schoolId: 1
2024-03-29T16:01:11.124Z 	DEBUG 	Getting all groups by schoolId: 1
2024-03-29T16:01:11.149Z 	DEBUG 	Successfully found all groups by schoolId: 1
2024-03-29T16:01:11.162Z 	DEBUG 	Successfully found all groups by schoolId: 1
2024-03-29T16:01:11.240Z 	DEBUG 	Getting all groups by groupId: 8
2024-03-29T16:01:11.243Z 	DEBUG 	Getting all groups by groupId: 9
2024-03-29T16:01:11.257Z 	DEBUG 	Getting all groups by groupId: 11
2024-03-29T16:01:11.261Z 	DEBUG 	Getting all groups by groupId: 4
2024-03-29T16:01:11.264Z 	DEBUG 	Getting all groups by groupId: 1
2024-03-29T16:01:11.265Z 	DEBUG 	Successfully found all groups by groupId: 8
2024-03-29T16:01:11.280Z 	DEBUG 	Successfully found all groups by groupId: 9
2024-03-29T16:01:11.295Z 	DEBUG 	Getting all groups by groupId: 8
2024-03-29T16:01:11.298Z 	DEBUG 	Successfully found all groups by groupId: 11
2024-03-29T16:01:11.300Z 	DEBUG 	Successfully found all groups by groupId: 4
2024-03-29T16:01:11.311Z 	DEBUG 	Successfully found all groups by groupId: 1
2024-03-29T16:01:11.314Z 	DEBUG 	Getting all groups by groupId: 9
2024-03-29T16:01:11.330Z 	DEBUG 	Getting all groups by groupId: 11
2024-03-29T16:01:11.333Z 	DEBUG 	Getting all groups by groupId: 4
2024-03-29T16:01:11.345Z 	DEBUG 	Getting all groups by groupId: 1
2024-03-29T16:01:11.349Z 	DEBUG 	Successfully found all groups by groupId: 9
2024-03-29T16:01:11.350Z 	DEBUG 	Successfully found all groups by groupId: 8
2024-03-29T16:01:11.368Z 	DEBUG 	Successfully found all groups by groupId: 4
2024-03-29T16:01:11.382Z 	DEBUG 	Successfully found all groups by groupId: 1
2024-03-29T16:01:11.383Z 	DEBUG 	Successfully found all groups by groupId: 11
2024-03-29T16:01:13.059Z 	DEBUG 	Getting all groups by groupId: 8
2024-03-29T16:01:13.063Z 	DEBUG 	Successfully found all groups by groupId: 8
2024-03-29T16:01:14.622Z 	DEBUG 	Getting all groups by groupId: 9
2024-03-29T16:01:14.625Z 	DEBUG 	Successfully found all groups by groupId: 9
2024-03-29T16:01:14.641Z 	INFO 	Joining group by groupId: 9 and userEmail: student3@gmail.com
2024-03-29T16:01:14.656Z 	ERROR 	Failed to join group ReferenceError: schoolName is not defined
2024-03-29T16:01:14.686Z 	DEBUG 	Initiating Get Group by ID for group ID: 9. By user: student3@gmail.com
2024-03-29T16:01:14.692Z 	DEBUG 	Successfully got group by ID for group ID: 9. By user: student3@gmail.com
2024-03-29T16:01:14.699Z 	DEBUG 	Initiating Get Group by ID for group ID: 9. By user: student3@gmail.com
2024-03-29T16:01:14.710Z 	DEBUG 	Successfully got group by ID for group ID: 9. By user: student3@gmail.com
2024-03-29T16:01:15.581Z 	DEBUG 	Getting all groups by schoolId: 1
2024-03-29T16:01:15.585Z 	DEBUG 	Getting all groups by schoolId: 1
2024-03-29T16:01:15.607Z 	DEBUG 	Successfully found all groups by schoolId: 1
2024-03-29T16:01:15.636Z 	DEBUG 	Successfully found all groups by schoolId: 1
2024-03-29T16:01:15.650Z 	DEBUG 	Getting all groups by groupId: 8
2024-03-29T16:01:15.653Z 	DEBUG 	Getting all groups by groupId: 11
2024-03-29T16:01:15.666Z 	DEBUG 	Getting all groups by groupId: 1
2024-03-29T16:01:15.682Z 	DEBUG 	Getting all groups by groupId: 4
2024-03-29T16:01:15.686Z 	DEBUG 	Getting all groups by groupId: 7
2024-03-29T16:01:15.691Z 	DEBUG 	Successfully found all groups by groupId: 8
2024-03-29T16:01:15.692Z 	DEBUG 	Successfully found all groups by groupId: 11
2024-03-29T16:01:15.705Z 	DEBUG 	Successfully found all groups by groupId: 1
2024-03-29T16:01:15.708Z 	DEBUG 	Successfully found all groups by groupId: 4
2024-03-29T16:01:15.709Z 	DEBUG 	Successfully found all groups by groupId: 7
2024-03-29T16:01:15.723Z 	DEBUG 	Getting all groups by groupId: 1
2024-03-29T16:01:15.731Z 	DEBUG 	Getting all groups by groupId: 4
2024-03-29T16:01:15.737Z 	DEBUG 	Getting all groups by groupId: 11
2024-03-29T16:01:15.740Z 	DEBUG 	Getting all groups by groupId: 8
2024-03-29T16:01:15.744Z 	DEBUG 	Getting all groups by groupId: 7
2024-03-29T16:01:15.757Z 	DEBUG 	Successfully found all groups by groupId: 1
2024-03-29T16:01:15.758Z 	DEBUG 	Successfully found all groups by groupId: 4
2024-03-29T16:01:15.768Z 	DEBUG 	Successfully found all groups by groupId: 7
2024-03-29T16:01:15.775Z 	DEBUG 	Successfully found all groups by groupId: 11
2024-03-29T16:01:15.776Z 	DEBUG 	Successfully found all groups by groupId: 8
2024-03-29T16:01:16.678Z 	DEBUG 	Getting all groups by groupId: 1
2024-03-29T16:01:16.682Z 	DEBUG 	Successfully found all groups by groupId: 1
2024-03-29T16:01:16.696Z 	INFO 	Joining group by groupId: 1 and userEmail: student3@gmail.com
2024-03-29T16:01:16.717Z 	ERROR 	Failed to join group ReferenceError: schoolName is not defined
2024-03-29T16:01:16.748Z 	DEBUG 	Initiating Get Group by ID for group ID: 1. By user: student3@gmail.com
2024-03-29T16:01:16.753Z 	DEBUG 	Successfully got group by ID for group ID: 1. By user: student3@gmail.com
2024-03-29T16:01:16.765Z 	DEBUG 	Initiating Get Group by ID for group ID: 1. By user: student3@gmail.com
2024-03-29T16:01:16.771Z 	DEBUG 	Successfully got group by ID for group ID: 1. By user: student3@gmail.com
2024-03-29T16:01:18.417Z 	DEBUG 	Getting all groups by schoolId: 1
2024-03-29T16:01:18.420Z 	DEBUG 	Getting all groups by schoolId: 1
2024-03-29T16:01:18.450Z 	DEBUG 	Successfully found all groups by schoolId: 1
2024-03-29T16:01:18.453Z 	DEBUG 	Successfully found all groups by schoolId: 1
2024-03-29T16:01:18.474Z 	DEBUG 	Getting all groups by groupId: 7
2024-03-29T16:01:18.478Z 	DEBUG 	Successfully found all groups by groupId: 7
2024-03-29T16:01:18.495Z 	DEBUG 	Getting all groups by groupId: 8
2024-03-29T16:01:18.498Z 	DEBUG 	Getting all groups by groupId: 9
2024-03-29T16:01:18.515Z 	DEBUG 	Getting all groups by groupId: 4
2024-03-29T16:01:18.527Z 	DEBUG 	Getting all groups by groupId: 7
2024-03-29T16:01:18.530Z 	DEBUG 	Getting all groups by groupId: 11
2024-03-29T16:01:18.533Z 	DEBUG 	Successfully found all groups by groupId: 8
2024-03-29T16:01:18.554Z 	DEBUG 	Successfully found all groups by groupId: 9
2024-03-29T16:01:18.562Z 	DEBUG 	Getting all groups by groupId: 8
2024-03-29T16:01:18.563Z 	DEBUG 	Successfully found all groups by groupId: 7
2024-03-29T16:01:18.565Z 	DEBUG 	Successfully found all groups by groupId: 4
2024-03-29T16:01:18.577Z 	DEBUG 	Successfully found all groups by groupId: 11
2024-03-29T16:01:18.580Z 	DEBUG 	Getting all groups by groupId: 9
2024-03-29T16:01:18.593Z 	DEBUG 	Successfully found all groups by groupId: 8
2024-03-29T16:01:18.597Z 	DEBUG 	Getting all groups by groupId: 4
2024-03-29T16:01:18.610Z 	DEBUG 	Getting all groups by groupId: 11
2024-03-29T16:01:18.611Z 	DEBUG 	Successfully found all groups by groupId: 9
2024-03-29T16:01:18.616Z 	DEBUG 	Successfully found all groups by groupId: 4
2024-03-29T16:01:18.617Z 	DEBUG 	Successfully found all groups by groupId: 11
2024-03-29T16:01:20.243Z 	DEBUG 	Getting all groups by groupId: 4
2024-03-29T16:01:20.247Z 	DEBUG 	Successfully found all groups by groupId: 4
2024-03-29T16:01:20.266Z 	INFO 	Joining group by groupId: 4 and userEmail: student3@gmail.com
2024-03-29T16:01:20.282Z 	ERROR 	Failed to join group ReferenceError: schoolName is not defined
2024-03-29T16:01:20.317Z 	DEBUG 	Initiating Get Group by ID for group ID: 4. By user: student3@gmail.com
2024-03-29T16:01:20.323Z 	DEBUG 	Successfully got group by ID for group ID: 4. By user: student3@gmail.com
2024-03-29T16:01:20.332Z 	DEBUG 	Initiating Get Group by ID for group ID: 4. By user: student3@gmail.com
2024-03-29T16:01:20.354Z 	DEBUG 	Successfully got group by ID for group ID: 4. By user: student3@gmail.com
2024-03-29T16:02:17.792Z 	DEBUG 	Getting all groups by schoolId: 1
2024-03-29T16:02:17.806Z 	DEBUG 	Getting all groups by schoolId: 1
2024-03-29T16:02:17.903Z 	DEBUG 	Successfully found all groups by schoolId: 1
2024-03-29T16:02:17.921Z 	DEBUG 	Successfully found all groups by schoolId: 1
2024-03-29T16:02:17.999Z 	DEBUG 	Getting all groups by groupId: 7
2024-03-29T16:02:18.005Z 	DEBUG 	Getting all groups by groupId: 8
2024-03-29T16:02:18.006Z 	DEBUG 	Successfully found all groups by groupId: 7
2024-03-29T16:02:18.009Z 	DEBUG 	Successfully found all groups by groupId: 8
2024-03-29T16:02:18.041Z 	DEBUG 	Getting all groups by groupId: 9
2024-03-29T16:02:18.044Z 	DEBUG 	Getting all groups by groupId: 11
2024-03-29T16:02:18.057Z 	DEBUG 	Getting all groups by groupId: 1
2024-03-29T16:02:18.073Z 	DEBUG 	Getting all groups by groupId: 7
2024-03-29T16:02:18.074Z 	DEBUG 	Successfully found all groups by groupId: 9
2024-03-29T16:02:18.091Z 	DEBUG 	Getting all groups by groupId: 8
2024-03-29T16:02:18.119Z 	DEBUG 	Successfully found all groups by groupId: 11
2024-03-29T16:02:18.123Z 	DEBUG 	Successfully found all groups by groupId: 1
2024-03-29T16:02:18.136Z 	DEBUG 	Getting all groups by groupId: 9
2024-03-29T16:02:18.137Z 	DEBUG 	Successfully found all groups by groupId: 8
2024-03-29T16:02:18.141Z 	DEBUG 	Successfully found all groups by groupId: 7
2024-03-29T16:02:18.154Z 	DEBUG 	Successfully found all groups by groupId: 9
2024-03-29T16:02:18.171Z 	DEBUG 	Getting all groups by groupId: 11
2024-03-29T16:02:18.175Z 	DEBUG 	Successfully found all groups by groupId: 11
2024-03-29T16:02:18.193Z 	DEBUG 	Getting all groups by groupId: 1
2024-03-29T16:02:18.197Z 	DEBUG 	Successfully found all groups by groupId: 1
2024-03-29T16:02:56.479Z 	DEBUG 	Getting all groups by groupId: 7
2024-03-29T16:02:56.502Z 	DEBUG 	Successfully found all groups by groupId: 7
2024-03-29T16:02:56.529Z 	INFO 	Joining group by groupId: 7 and userEmail: student3@gmail.com
2024-03-29T16:02:56.549Z 	ERROR 	Failed to join group ReferenceError: schoolName is not defined
2024-03-29T16:02:56.605Z 	DEBUG 	Initiating Get Group by ID for group ID: 7. By user: student3@gmail.com
2024-03-29T16:02:56.611Z 	DEBUG 	Successfully got group by ID for group ID: 7. By user: student3@gmail.com
2024-03-29T16:02:56.632Z 	DEBUG 	Initiating Get Group by ID for group ID: 7. By user: student3@gmail.com
2024-03-29T16:02:56.636Z 	DEBUG 	Successfully got group by ID for group ID: 7. By user: student3@gmail.com
2024-03-29T16:02:59.613Z 	DEBUG 	Getting all groups by schoolId: 1
2024-03-29T16:02:59.624Z 	DEBUG 	Getting all groups by schoolId: 1
2024-03-29T16:02:59.658Z 	DEBUG 	Successfully found all groups by schoolId: 1
2024-03-29T16:02:59.699Z 	DEBUG 	Successfully found all groups by schoolId: 1
2024-03-29T16:02:59.717Z 	DEBUG 	Getting all groups by groupId: 8
2024-03-29T16:02:59.734Z 	DEBUG 	Successfully found all groups by groupId: 8
2024-03-29T16:02:59.748Z 	DEBUG 	Getting all groups by groupId: 11
2024-03-29T16:02:59.753Z 	DEBUG 	Successfully found all groups by groupId: 11
2024-03-29T16:02:59.765Z 	DEBUG 	Getting all groups by groupId: 1
2024-03-29T16:02:59.779Z 	DEBUG 	Getting all groups by groupId: 4
2024-03-29T16:02:59.783Z 	DEBUG 	Getting all groups by groupId: 8
2024-03-29T16:02:59.798Z 	DEBUG 	Getting all groups by groupId: 11
2024-03-29T16:02:59.814Z 	DEBUG 	Successfully found all groups by groupId: 1
2024-03-29T16:02:59.821Z 	DEBUG 	Getting all groups by groupId: 9
2024-03-29T16:02:59.832Z 	DEBUG 	Successfully found all groups by groupId: 4
2024-03-29T16:02:59.833Z 	DEBUG 	Successfully found all groups by groupId: 8
2024-03-29T16:02:59.834Z 	DEBUG 	Successfully found all groups by groupId: 11
2024-03-29T16:02:59.850Z 	DEBUG 	Getting all groups by groupId: 1
2024-03-29T16:02:59.863Z 	DEBUG 	Getting all groups by groupId: 4
2024-03-29T16:02:59.865Z 	DEBUG 	Successfully found all groups by groupId: 9
2024-03-29T16:02:59.880Z 	DEBUG 	Successfully found all groups by groupId: 1
2024-03-29T16:02:59.884Z 	DEBUG 	Getting all groups by groupId: 9
2024-03-29T16:02:59.885Z 	DEBUG 	Successfully found all groups by groupId: 4
2024-03-29T16:02:59.902Z 	DEBUG 	Successfully found all groups by groupId: 9
2024-03-29T16:03:00.986Z 	DEBUG 	Getting all groups by groupId: 9
2024-03-29T16:03:00.990Z 	DEBUG 	Successfully found all groups by groupId: 9
2024-03-29T16:03:01.012Z 	INFO 	Joining group by groupId: 9 and userEmail: student3@gmail.com
2024-03-29T16:03:01.038Z 	ERROR 	Failed to join group ReferenceError: schoolName is not defined
2024-03-29T16:03:01.076Z 	DEBUG 	Initiating Get Group by ID for group ID: 9. By user: student3@gmail.com
2024-03-29T16:03:01.087Z 	DEBUG 	Successfully got group by ID for group ID: 9. By user: student3@gmail.com
2024-03-29T16:03:01.100Z 	DEBUG 	Initiating Get Group by ID for group ID: 9. By user: student3@gmail.com
2024-03-29T16:03:01.115Z 	DEBUG 	Successfully got group by ID for group ID: 9. By user: student3@gmail.com
2024-03-29T16:03:14.567Z 	DEBUG 	Getting all groups by schoolId: 1
2024-03-29T16:03:14.614Z 	DEBUG 	Successfully found all groups by schoolId: 1
2024-03-29T16:03:14.660Z 	DEBUG 	Getting all groups by schoolId: 1
2024-03-29T16:03:14.714Z 	DEBUG 	Getting all groups by groupId: 7
2024-03-29T16:03:14.728Z 	DEBUG 	Getting all groups by groupId: 8
2024-03-29T16:03:14.731Z 	DEBUG 	Successfully found all groups by schoolId: 1
2024-03-29T16:03:14.744Z 	DEBUG 	Getting all groups by groupId: 11
2024-03-29T16:03:14.751Z 	DEBUG 	Getting all groups by groupId: 1
2024-03-29T16:03:14.765Z 	DEBUG 	Getting all groups by groupId: 4
2024-03-29T16:03:14.767Z 	DEBUG 	Successfully found all groups by groupId: 7
2024-03-29T16:03:14.781Z 	DEBUG 	Successfully found all groups by groupId: 11
2024-03-29T16:03:14.782Z 	DEBUG 	Successfully found all groups by groupId: 8
2024-03-29T16:03:14.787Z 	DEBUG 	Getting all groups by groupId: 7
2024-03-29T16:03:14.790Z 	DEBUG 	Successfully found all groups by groupId: 4
2024-03-29T16:03:14.792Z 	DEBUG 	Successfully found all groups by groupId: 1
2024-03-29T16:03:14.804Z 	DEBUG 	Successfully found all groups by groupId: 7
2024-03-29T16:03:14.810Z 	DEBUG 	Getting all groups by groupId: 8
2024-03-29T16:03:14.824Z 	DEBUG 	Successfully found all groups by groupId: 8
2024-03-29T16:03:14.837Z 	DEBUG 	Getting all groups by groupId: 11
2024-03-29T16:03:14.850Z 	DEBUG 	Getting all groups by groupId: 4
2024-03-29T16:03:14.873Z 	DEBUG 	Getting all groups by groupId: 1
2024-03-29T16:03:14.887Z 	DEBUG 	Successfully found all groups by groupId: 11
2024-03-29T16:03:14.888Z 	DEBUG 	Successfully found all groups by groupId: 4
2024-03-29T16:03:14.891Z 	DEBUG 	Successfully found all groups by groupId: 1
2024-03-29T16:03:17.426Z 	DEBUG 	Getting all groups by groupId: 11
2024-03-29T16:03:17.430Z 	DEBUG 	Successfully found all groups by groupId: 11
2024-03-29T16:03:17.447Z 	INFO 	Joining group by groupId: 11 and userEmail: student3@gmail.com
2024-03-29T16:03:17.471Z 	ERROR 	Failed to join group ReferenceError: schoolName is not defined
2024-03-29T16:03:17.508Z 	DEBUG 	Initiating Get Group by ID for group ID: 11. By user: student3@gmail.com
2024-03-29T16:03:17.514Z 	DEBUG 	Successfully got group by ID for group ID: 11. By user: student3@gmail.com
2024-03-29T16:03:17.529Z 	DEBUG 	Initiating Get Group by ID for group ID: 11. By user: student3@gmail.com
2024-03-29T16:03:17.534Z 	DEBUG 	Successfully got group by ID for group ID: 11. By user: student3@gmail.com
2024-03-29T16:03:21.945Z 	DEBUG 	Getting all groups by schoolId: 1
2024-03-29T16:03:21.949Z 	DEBUG 	Getting all groups by schoolId: 1
2024-03-29T16:03:22.004Z 	DEBUG 	Successfully found all groups by schoolId: 1
2024-03-29T16:03:22.006Z 	DEBUG 	Successfully found all groups by schoolId: 1
2024-03-29T16:03:22.032Z 	DEBUG 	Getting all groups by groupId: 7
2024-03-29T16:03:22.055Z 	DEBUG 	Successfully found all groups by groupId: 7
2024-03-29T16:03:22.063Z 	DEBUG 	Getting all groups by groupId: 8
2024-03-29T16:03:22.067Z 	DEBUG 	Getting all groups by groupId: 9
2024-03-29T16:03:22.084Z 	DEBUG 	Getting all groups by groupId: 4
2024-03-29T16:03:22.097Z 	DEBUG 	Getting all groups by groupId: 1
2024-03-29T16:03:22.098Z 	DEBUG 	Successfully found all groups by groupId: 8
2024-03-29T16:03:22.101Z 	DEBUG 	Getting all groups by groupId: 7
2024-03-29T16:03:22.131Z 	DEBUG 	Successfully found all groups by groupId: 9
2024-03-29T16:03:22.151Z 	DEBUG 	Getting all groups by groupId: 8
2024-03-29T16:03:22.155Z 	DEBUG 	Successfully found all groups by groupId: 7
2024-03-29T16:03:22.167Z 	DEBUG 	Successfully found all groups by groupId: 1
2024-03-29T16:03:22.168Z 	DEBUG 	Successfully found all groups by groupId: 4
2024-03-29T16:03:22.171Z 	DEBUG 	Getting all groups by groupId: 9
2024-03-29T16:03:22.184Z 	DEBUG 	Successfully found all groups by groupId: 8
2024-03-29T16:03:22.201Z 	DEBUG 	Getting all groups by groupId: 1
2024-03-29T16:03:22.204Z 	DEBUG 	Getting all groups by groupId: 4
2024-03-29T16:03:22.206Z 	DEBUG 	Successfully found all groups by groupId: 9
2024-03-29T16:03:22.223Z 	DEBUG 	Successfully found all groups by groupId: 4
2024-03-29T16:03:22.224Z 	DEBUG 	Successfully found all groups by groupId: 1
2024-03-29T16:03:33.996Z 	DEBUG 	Getting all groups by groupId: 8
2024-03-29T16:03:34.014Z 	DEBUG 	Successfully found all groups by groupId: 8
