2024-03-29T15:52:24.680Z 	DEBUG 	Initiating Token Verification
2024-03-29T15:52:24.781Z 	DEBUG 	Initiating Token Verification
2024-03-31T10:04:46.622Z 	DEBUG 	Initiating Token Verification
2024-03-31T10:04:46.690Z 	DEBUG 	Initiating Token Verification
2024-03-31T10:05:09.414Z 	INFO 	Initiating Login for email: student4@gmail.com
2024-03-31T10:05:09.502Z 	INFO 	Successfully logged in student for email: student4@gmail.com
2024-03-31T10:05:09.584Z 	DEBUG 	Initiating Token Verification
2024-03-31T10:05:09.607Z 	DEBUG 	Initiating Token Verification
2024-03-31T10:05:11.366Z 	DEBUG 	Initiating Token Verification
2024-03-31T10:05:11.389Z 	DEBUG 	Initiating Token Verification
2024-03-31T10:17:07.910Z 	DEBUG 	Initiating Token Verification
2024-03-31T10:17:07.950Z 	DEBUG 	Initiating Token Verification
2024-03-31T10:17:48.922Z 	DEBUG 	Initiating Token Verification
2024-03-31T10:17:48.963Z 	DEBUG 	Initiating Token Verification
2024-03-31T10:19:12.248Z 	INFO 	Initiating Login for email: amielbsv@gmail.com
2024-03-31T10:19:12.327Z 	INFO 	Successfully logged in staff for email: amielbsv@gmail.com
2024-03-31T10:19:12.390Z 	DEBUG 	Initiating Token Verification
2024-03-31T10:19:14.901Z 	DEBUG 	Initiating Token Verification
2024-03-31T10:19:14.962Z 	DEBUG 	Initiating Token Verification
2024-03-31T10:19:32.522Z 	DEBUG 	Getting user by email: amielbsv@gmail.com
2024-03-31T10:19:32.538Z 	DEBUG 	Getting user by email: amielbsv@gmail.com
2024-03-31T10:56:42.248Z 	INFO 	Initiating Register Student for email: arioshryz@gmail.com
2024-03-31T10:56:42.353Z 	ERROR 	Error registering student with email: arioshryz@gmail.com. Reason: SequelizeUniqueConstraintError: Validation error
2024-03-31T10:58:38.441Z 	INFO 	Initiating Register Student for email: arioshryz@gmail.com
2024-03-31T10:58:38.526Z 	ERROR 	Error registering student with email: arioshryz@gmail.com. Reason: SequelizeUniqueConstraintError: Validation error
2024-03-31T11:01:05.940Z 	INFO 	Initiating Register Student for email: arioshryz@gmail.com
2024-03-31T11:01:06.025Z 	ERROR 	Error registering student with email: arioshryz@gmail.com. Reason: SequelizeUniqueConstraintError: Validation error
2024-03-31T11:05:22.793Z 	INFO 	Initiating Register Student for email: arioshryz@gmail.com
2024-03-31T11:05:22.874Z 	ERROR 	Error registering student with email: arioshryz@gmail.com. Reason: SequelizeUniqueConstraintError: Validation error
2024-03-31T11:08:01.887Z 	INFO 	Initiating Register Student for email: arioshryz@gmail.com
2024-03-31T11:08:01.961Z 	ERROR 	Error registering student with email: arioshryz@gmail.com. Reason: SequelizeUniqueConstraintError: Validation error
2024-03-31T11:14:23.306Z 	INFO 	Initiating Register Student for email: arioshryz@gmail.com
2024-03-31T11:14:23.386Z 	ERROR 	Error registering student with email: arioshryz@gmail.com. Reason: SequelizeUniqueConstraintError: Validation error
2024-03-31T11:25:23.056Z 	INFO 	Initiating Register Student for email: arioshryz@gmail.com
2024-03-31T11:25:23.140Z 	ERROR 	Error registering student with email: arioshryz@gmail.com. Reason: SequelizeUniqueConstraintError: Validation error
2024-03-31T11:34:39.876Z 	INFO 	Initiating Register Student for email: arioshryz@gmail.com
2024-03-31T11:34:39.958Z 	ERROR 	Error registering student with email: arioshryz@gmail.com. Reason: SequelizeUniqueConstraintError: Validation error
2024-03-31T11:53:43.687Z 	INFO 	Initiating Login for email: amielbsv@gmail.com
2024-03-31T11:53:43.769Z 	INFO 	Successfully logged in staff for email: amielbsv@gmail.com
2024-03-31T11:53:43.838Z 	DEBUG 	Initiating Token Verification
2024-03-31T11:53:43.887Z 	DEBUG 	Initiating Token Verification
2024-03-31T11:53:44.708Z 	DEBUG 	Initiating Token Verification
2024-03-31T11:53:44.896Z 	DEBUG 	Initiating Token Verification
2024-03-31T11:53:55.802Z 	DEBUG 	Initiating Token Verification
2024-03-31T11:53:55.860Z 	DEBUG 	Initiating Token Verification
